<?xml version="1.0" encoding="UTF-8"?>
<!-- Generated by org.testng.reporters.JUnitXMLReporter -->
<testsuite ignored="0" hostname="LAPTOP-G4LEVCJ3" failures="0" tests="4" name="Default test" time="12.782" errors="0" timestamp="2021-09-19T15:07:31 IST">
  <testcase classname="saucedemo.Sampleclass" name="Scenario2" time="2.204"/>
  <testcase classname="saucedemo.Sampleclass" name="checkout" time="2.359"/>
  <testcase classname="saucedemo.Sampleclass" name="loginTest" time="1.44"/>
  <testcase classname="saucedemo.Sampleclass" name="priceComparision" time="6.744"/>
</testsuite> <!-- Default test -->
