<?xml version="1.0" encoding="UTF-8"?>
<!-- Generated by org.testng.reporters.JUnitXMLReporter -->
<testsuite ignored="0" hostname="LAPTOP-G4LEVCJ3" failures="0" tests="4" name="Test" time="9.224" errors="0" timestamp="2021-09-19T15:59:22 IST">
  <testcase classname="saucedemo.Sampleclass" name="Scenario2" time="2.47"/>
  <testcase classname="saucedemo.Sampleclass" name="checkout" time="2.293"/>
  <testcase classname="saucedemo.Sampleclass" name="loginTest" time="1.566"/>
  <testcase classname="saucedemo.Sampleclass" name="priceComparision" time="2.855"/>
</testsuite> <!-- Test -->
